  [1m[36mSQL (0.3ms)[0m  [1mCREATE EXTENSION IF NOT EXISTS "plpgsql"[0m
  [1m[35m (22.7ms)[0m  CREATE TABLE "cat_rental_requests" ("id" serial primary key, "cat_id" integer NOT NULL, "end_date" date NOT NULL, "start_date" date NOT NULL, "status" character varying(255) NOT NULL, "created_at" timestamp, "updated_at" timestamp, "user_id" integer DEFAULT 1 NOT NULL) 
  [1m[36m (3.3ms)[0m  [1mCREATE  INDEX  "index_cat_rental_requests_on_cat_id" ON "cat_rental_requests" USING btree ("cat_id")[0m
  [1m[35m (10.0ms)[0m  CREATE TABLE "cats" ("id" serial primary key, "birth_date" date NOT NULL, "color" character varying(255) NOT NULL, "name" character varying(255) NOT NULL, "sex" character varying(1) NOT NULL, "description" text, "created_at" timestamp, "updated_at" timestamp, "user_id" integer DEFAULT 1 NOT NULL, "picture" text DEFAULT 'https://i.ytimg.com/vi/mW3S0u8bj58/maxresdefault.jpg') 
  [1m[36m (1005.9ms)[0m  [1mCREATE TABLE "sessions" ("id" serial primary key, "user_id" integer NOT NULL, "session_token" character varying(255) NOT NULL, "created_at" timestamp, "updated_at" timestamp) [0m
  [1m[35m (2.9ms)[0m  CREATE  INDEX  "index_sessions_on_session_token" ON "sessions" USING btree ("session_token")
  [1m[36m (2.9ms)[0m  [1mCREATE  INDEX  "index_sessions_on_user_id" ON "sessions" USING btree ("user_id")[0m
  [1m[35m (6.7ms)[0m  CREATE TABLE "users" ("id" serial primary key, "user_name" character varying(255) NOT NULL, "password_digest" character varying(255) NOT NULL, "created_at" timestamp, "updated_at" timestamp) 
  [1m[36m (7.5ms)[0m  [1mCREATE  INDEX  "index_users_on_password_digest" ON "users" USING btree ("password_digest")[0m
  [1m[35m (3.2ms)[0m  CREATE UNIQUE INDEX  "index_users_on_user_name" ON "users" USING btree ("user_name")
  [1m[36m (1.4ms)[0m  [1mCREATE TABLE "schema_migrations" ("version" character varying(255) NOT NULL) [0m
  [1m[35m (3.2ms)[0m  CREATE UNIQUE INDEX  "unique_schema_migrations" ON "schema_migrations"  ("version")
  [1m[36m (0.5ms)[0m  [1mSELECT version FROM "schema_migrations"[0m
  [1m[35m (1.8ms)[0m  INSERT INTO "schema_migrations" (version) VALUES ('20161005234331')
  [1m[36m (1.0ms)[0m  [1mINSERT INTO "schema_migrations" (version) VALUES ('20141030170121')[0m
  [1m[35m (1.1ms)[0m  INSERT INTO "schema_migrations" (version) VALUES ('20141030172156')
  [1m[36m (0.8ms)[0m  [1mINSERT INTO "schema_migrations" (version) VALUES ('20161005204201')[0m
  [1m[35m (0.8ms)[0m  INSERT INTO "schema_migrations" (version) VALUES ('20161005214629')
  [1m[36m (0.9ms)[0m  [1mINSERT INTO "schema_migrations" (version) VALUES ('20161005220857')[0m
  [1m[35m (0.7ms)[0m  INSERT INTO "schema_migrations" (version) VALUES ('20161005222550')
  [1m[36m (0.7ms)[0m  [1mINSERT INTO "schema_migrations" (version) VALUES ('20161005222836')[0m
  [1m[35mActiveRecord::SchemaMigration Load (0.3ms)[0m  SELECT "schema_migrations".* FROM "schema_migrations"


Started GET "/" for 1.2.3.1 at 2016-10-06 14:50:02 +0000
  [1m[36mActiveRecord::SchemaMigration Load (0.4ms)[0m  [1mSELECT "schema_migrations".* FROM "schema_migrations"[0m


Started GET "/cats" for 1.2.3.1 at 2016-10-06 14:50:03 +0000
Processing by CatsController#index as HTML
  [1m[35mCat Load (0.7ms)[0m  SELECT "cats".* FROM "cats"
  Rendered cats/index.html.erb within layouts/application (14.7ms)
  [1m[36mSession Load (0.5ms)[0m  [1mSELECT  "sessions".* FROM "sessions"  WHERE "sessions"."session_token" IS NULL LIMIT 1[0m
  Rendered shared/_errors.html.erb (0.5ms)
Completed 200 OK in 2865ms (Views: 2769.3ms | ActiveRecord: 2.9ms)


Started GET "/assets/cats.css?body=1" for 1.2.3.1 at 2016-10-06 14:50:06 +0000


Started GET "/assets/cat_rental_requests.css?body=1" for 1.2.3.1 at 2016-10-06 14:50:06 +0000


Started GET "/assets/application.css?body=1" for 1.2.3.1 at 2016-10-06 14:50:06 +0000


Started GET "/assets/turbolinks.js?body=1" for 1.2.3.1 at 2016-10-06 14:50:06 +0000


Started GET "/assets/jquery_ujs.js?body=1" for 1.2.3.1 at 2016-10-06 14:50:06 +0000


Started GET "/assets/jquery.js?body=1" for 1.2.3.1 at 2016-10-06 14:50:06 +0000


Started GET "/assets/cat_rental_requests.js?body=1" for 1.2.3.1 at 2016-10-06 14:50:06 +0000


Started GET "/assets/cats.js?body=1" for 1.2.3.1 at 2016-10-06 14:50:06 +0000


Started GET "/assets/application.js?body=1" for 1.2.3.1 at 2016-10-06 14:50:07 +0000


Started GET "/cats/new" for 1.2.3.1 at 2016-10-06 14:51:52 +0000
Processing by CatsController#new as HTML
  Rendered shared/_errors.html.erb (0.1ms)
  Rendered shared/_token.html.erb (0.5ms)
  Rendered cats/_form.html.erb (30.6ms)
  Rendered cats/new.html.erb within layouts/application (86.2ms)
  [1m[35mSession Load (0.2ms)[0m  SELECT  "sessions".* FROM "sessions"  WHERE "sessions"."session_token" IS NULL LIMIT 1
  Rendered shared/_errors.html.erb (0.1ms)
Completed 200 OK in 522ms (Views: 495.3ms | ActiveRecord: 3.1ms)


Started GET "/cats/new" for 1.2.3.1 at 2016-10-06 14:52:12 +0000
Processing by CatsController#new as HTML
  Rendered shared/_errors.html.erb (0.1ms)
  Rendered shared/_token.html.erb (0.1ms)
  Rendered cats/_form.html.erb (24.6ms)
  Rendered cats/new.html.erb within layouts/application (89.5ms)
  [1m[36mSession Load (0.5ms)[0m  [1mSELECT  "sessions".* FROM "sessions"  WHERE "sessions"."session_token" IS NULL LIMIT 1[0m
  Rendered shared/_errors.html.erb (0.1ms)
Completed 200 OK in 427ms (Views: 425.5ms | ActiveRecord: 0.5ms)


Started GET "/assets/cats.css?body=1" for 1.2.3.1 at 2016-10-06 14:52:13 +0000


Started GET "/assets/application.css?body=1" for 1.2.3.1 at 2016-10-06 14:52:13 +0000


Started GET "/assets/jquery.js?body=1" for 1.2.3.1 at 2016-10-06 14:52:13 +0000


Started GET "/assets/jquery_ujs.js?body=1" for 1.2.3.1 at 2016-10-06 14:52:13 +0000


Started GET "/assets/cat_rental_requests.css?body=1" for 1.2.3.1 at 2016-10-06 14:52:13 +0000


Started GET "/assets/turbolinks.js?body=1" for 1.2.3.1 at 2016-10-06 14:52:13 +0000


Started GET "/assets/cat_rental_requests.js?body=1" for 1.2.3.1 at 2016-10-06 14:52:13 +0000


Started GET "/assets/cats.js?body=1" for 1.2.3.1 at 2016-10-06 14:52:13 +0000


Started GET "/assets/application.js?body=1" for 1.2.3.1 at 2016-10-06 14:52:14 +0000


Started GET "/assets/application.css?body=1" for 1.2.3.1 at 2016-10-06 14:52:18 +0000


Started GET "/assets/cat_rental_requests.css?body=1" for 1.2.3.1 at 2016-10-06 14:52:18 +0000


Started GET "/assets/cats.css?body=1" for 1.2.3.1 at 2016-10-06 14:52:18 +0000


Started GET "/cats/new" for 1.2.3.1 at 2016-10-06 14:53:32 +0000
Processing by CatsController#new as HTML
  Rendered shared/_errors.html.erb (0.1ms)
  Rendered shared/_token.html.erb (0.1ms)
  Rendered cats/_form.html.erb (25.8ms)
  Rendered cats/new.html.erb within layouts/application (87.0ms)
  [1m[35mSession Load (0.4ms)[0m  SELECT  "sessions".* FROM "sessions"  WHERE "sessions"."session_token" IS NULL LIMIT 1
  Rendered shared/_errors.html.erb (0.1ms)
Completed 200 OK in 425ms (Views: 423.8ms | ActiveRecord: 0.4ms)


Started GET "/assets/cat_rental_requests.css?body=1" for 1.2.3.1 at 2016-10-06 14:53:32 +0000


Started GET "/assets/cats.css?body=1" for 1.2.3.1 at 2016-10-06 14:53:32 +0000


Started GET "/assets/turbolinks.js?body=1" for 1.2.3.1 at 2016-10-06 14:53:32 +0000


Started GET "/assets/jquery_ujs.js?body=1" for 1.2.3.1 at 2016-10-06 14:53:33 +0000


Started GET "/assets/application.css?body=1" for 1.2.3.1 at 2016-10-06 14:53:33 +0000


Started GET "/assets/jquery.js?body=1" for 1.2.3.1 at 2016-10-06 14:53:33 +0000


Started GET "/assets/cat_rental_requests.js?body=1" for 1.2.3.1 at 2016-10-06 14:53:33 +0000


Started GET "/assets/cats.js?body=1" for 1.2.3.1 at 2016-10-06 14:53:33 +0000


Started GET "/assets/application.js?body=1" for 1.2.3.1 at 2016-10-06 14:53:33 +0000


Started GET "/cats/new" for 1.2.3.1 at 2016-10-06 14:54:24 +0000
Processing by CatsController#new as HTML
  Rendered shared/_errors.html.erb (0.2ms)
  Rendered shared/_token.html.erb (0.1ms)
  Rendered cats/_form.html.erb (27.7ms)
  Rendered cats/new.html.erb within layouts/application (88.2ms)
  [1m[36mSession Load (0.4ms)[0m  [1mSELECT  "sessions".* FROM "sessions"  WHERE "sessions"."session_token" IS NULL LIMIT 1[0m
  Rendered shared/_errors.html.erb (0.1ms)
Completed 200 OK in 406ms (Views: 405.0ms | ActiveRecord: 0.4ms)


Started GET "/assets/cat_rental_requests.css?body=1" for 1.2.3.1 at 2016-10-06 14:54:25 +0000


Started GET "/assets/jquery.js?body=1" for 1.2.3.1 at 2016-10-06 14:54:25 +0000


Started GET "/assets/application.css?body=1" for 1.2.3.1 at 2016-10-06 14:54:25 +0000


Started GET "/assets/cats.css?body=1" for 1.2.3.1 at 2016-10-06 14:54:25 +0000


Started GET "/assets/jquery_ujs.js?body=1" for 1.2.3.1 at 2016-10-06 14:54:25 +0000


Started GET "/assets/turbolinks.js?body=1" for 1.2.3.1 at 2016-10-06 14:54:25 +0000


Started GET "/assets/cat_rental_requests.js?body=1" for 1.2.3.1 at 2016-10-06 14:54:26 +0000


Started GET "/assets/cats.js?body=1" for 1.2.3.1 at 2016-10-06 14:54:26 +0000


Started GET "/assets/application.js?body=1" for 1.2.3.1 at 2016-10-06 14:54:26 +0000


Started GET "/cats" for 1.2.3.1 at 2016-10-06 14:54:36 +0000
Processing by CatsController#index as HTML
  [1m[35mCat Load (0.3ms)[0m  SELECT "cats".* FROM "cats"
  Rendered cats/index.html.erb within layouts/application (1.9ms)
  [1m[36mSession Load (0.3ms)[0m  [1mSELECT  "sessions".* FROM "sessions"  WHERE "sessions"."session_token" IS NULL LIMIT 1[0m
  Rendered shared/_errors.html.erb (0.1ms)
Completed 200 OK in 323ms (Views: 321.8ms | ActiveRecord: 0.6ms)


Started GET "/assets/application.css?body=1" for 1.2.3.1 at 2016-10-06 14:54:36 +0000


Started GET "/assets/turbolinks.js?body=1" for 1.2.3.1 at 2016-10-06 14:54:36 +0000


Started GET "/assets/cat_rental_requests.css?body=1" for 1.2.3.1 at 2016-10-06 14:54:36 +0000


Started GET "/assets/jquery_ujs.js?body=1" for 1.2.3.1 at 2016-10-06 14:54:36 +0000


Started GET "/assets/jquery.js?body=1" for 1.2.3.1 at 2016-10-06 14:54:36 +0000


Started GET "/assets/cats.css?body=1" for 1.2.3.1 at 2016-10-06 14:54:36 +0000


Started GET "/assets/cat_rental_requests.js?body=1" for 1.2.3.1 at 2016-10-06 14:54:37 +0000


Started GET "/assets/cats.js?body=1" for 1.2.3.1 at 2016-10-06 14:54:37 +0000


Started GET "/assets/application.js?body=1" for 1.2.3.1 at 2016-10-06 14:54:37 +0000


Started GET "/users/new" for 1.2.3.1 at 2016-10-06 15:02:05 +0000
  [1m[36mActiveRecord::SchemaMigration Load (0.4ms)[0m  [1mSELECT "schema_migrations".* FROM "schema_migrations"[0m
Processing by UsersController#new as HTML
  [1m[35mSession Load (0.4ms)[0m  SELECT  "sessions".* FROM "sessions"  WHERE "sessions"."session_token" IS NULL LIMIT 1
  Rendered shared/_token.html.erb (0.6ms)
  Rendered shared/_form.html.erb (32.6ms)
  Rendered users/new.html.erb within layouts/application (73.1ms)
  [1m[36mCACHE (0.0ms)[0m  [1mSELECT  "sessions".* FROM "sessions"  WHERE "sessions"."session_token" IS NULL LIMIT 1[0m
  Rendered shared/_errors.html.erb (0.5ms)
Completed 200 OK in 899ms (Views: 762.5ms | ActiveRecord: 2.7ms)


Started GET "/assets/application.css?body=1" for 1.2.3.1 at 2016-10-06 15:02:07 +0000


Started GET "/assets/turbolinks.js?body=1" for 1.2.3.1 at 2016-10-06 15:02:07 +0000


Started GET "/assets/cats.css?body=1" for 1.2.3.1 at 2016-10-06 15:02:08 +0000


Started GET "/assets/jquery_ujs.js?body=1" for 1.2.3.1 at 2016-10-06 15:02:08 +0000


Started GET "/assets/jquery.js?body=1" for 1.2.3.1 at 2016-10-06 15:02:08 +0000


Started GET "/assets/cat_rental_requests.css?body=1" for 1.2.3.1 at 2016-10-06 15:02:08 +0000


Started GET "/assets/cat_rental_requests.js?body=1" for 1.2.3.1 at 2016-10-06 15:02:08 +0000


Started GET "/assets/cats.js?body=1" for 1.2.3.1 at 2016-10-06 15:02:08 +0000


Started GET "/assets/application.js?body=1" for 1.2.3.1 at 2016-10-06 15:02:08 +0000


Started POST "/users" for 1.2.3.1 at 2016-10-06 15:02:17 +0000
Processing by UsersController#create as HTML
  Parameters: {"authenticity_token"=>"czruHsmafLm6Np27QDMpfG+U6HaPDo23BgZDaEddilA=", "user"=>{"user_name"=>"todd", "password"=>"[FILTERED]"}}
  [1m[35m (0.1ms)[0m  BEGIN
  [1m[36m (0.1ms)[0m  [1mROLLBACK[0m
  [1m[35m (0.1ms)[0m  BEGIN
  [1m[36mUser Exists (1.2ms)[0m  [1mSELECT  1 AS one FROM "users"  WHERE "users"."user_name" = 'todd' LIMIT 1[0m
  [1m[35mSQL (0.5ms)[0m  INSERT INTO "users" ("created_at", "password_digest", "updated_at", "user_name") VALUES ($1, $2, $3, $4) RETURNING "id"  [["created_at", "2016-10-06 15:02:17.751975"], ["password_digest", "$2a$10$ccsPwCdGiJf30bi9q9R2..mxhiC0OxfYo1hXfGbeZdKdu4vB7yJYO"], ["updated_at", "2016-10-06 15:02:17.751975"], ["user_name", "todd"]]
  [1m[36m (0.9ms)[0m  [1mCOMMIT[0m
  [1m[35m (0.1ms)[0m  BEGIN
  [1m[36mSQL (0.4ms)[0m  [1mINSERT INTO "sessions" ("created_at", "session_token", "updated_at", "user_id") VALUES ($1, $2, $3, $4) RETURNING "id"[0m  [["created_at", "2016-10-06 15:02:17.769780"], ["session_token", "ifVJQs8JZ509WyYzlt53zQ"], ["updated_at", "2016-10-06 15:02:17.769780"], ["user_id", 1]]
  [1m[35m (0.9ms)[0m  COMMIT
  Rendered user_mailer/welcome_email.html.erb (35.4ms)

UserMailer#welcome_email: processed outbound mail in 331.7ms
Completed 500 Internal Server Error in 617ms

ActionView::Template::Error (undefined method `username' for #<User:0xa939f18>):
     5:     <title>Welcome!</title>
     6:   </head>
     7:   <body>
     8:     <h3>Welcome <%= @user.username %>, so glad to have you on our site!</h3>
     9:   </body>
    10: </html>
  app/views/user_mailer/welcome_email.html.erb:8:in `_app_views_user_mailer_welcome_email_html_erb__85946395_83989000'
  app/mailers/user_mailer.rb:6:in `welcome_email'
  app/controllers/users_controller.rb:13:in `create'


  Rendered /home/vagrant/.rvm/gems/ruby-2.2.2/gems/actionpack-4.1.6/lib/action_dispatch/middleware/templates/rescues/_trace.html.erb (1.4ms)
  Rendered /home/vagrant/.rvm/gems/ruby-2.2.2/gems/actionpack-4.1.6/lib/action_dispatch/middleware/templates/rescues/_request_and_response.html.erb (0.9ms)
  Rendered /home/vagrant/.rvm/gems/ruby-2.2.2/gems/actionpack-4.1.6/lib/action_dispatch/middleware/templates/rescues/template_error.html.erb within rescues/layout (16.6ms)


Started POST "/users" for 1.2.3.1 at 2016-10-06 15:02:37 +0000
Processing by UsersController#create as HTML
  Parameters: {"authenticity_token"=>"czruHsmafLm6Np27QDMpfG+U6HaPDo23BgZDaEddilA=", "user"=>{"user_name"=>"todd2", "password"=>"[FILTERED]"}}
  [1m[36m (0.3ms)[0m  [1mBEGIN[0m
  [1m[35m (0.1ms)[0m  ROLLBACK
  [1m[36m (0.1ms)[0m  [1mBEGIN[0m
  [1m[35mUser Exists (0.5ms)[0m  SELECT  1 AS one FROM "users"  WHERE "users"."user_name" = 'todd2' LIMIT 1
  [1m[36mSQL (0.4ms)[0m  [1mINSERT INTO "users" ("created_at", "password_digest", "updated_at", "user_name") VALUES ($1, $2, $3, $4) RETURNING "id"[0m  [["created_at", "2016-10-06 15:02:37.648846"], ["password_digest", "$2a$10$HVMHjumgu1EQxWMBceyf6u/sGIYZDvm1isS7y3op/wtOzNtVudZZG"], ["updated_at", "2016-10-06 15:02:37.648846"], ["user_name", "todd2"]]
  [1m[35m (3.7ms)[0m  COMMIT
  [1m[36m (0.2ms)[0m  [1mBEGIN[0m
  [1m[35mSQL (0.3ms)[0m  INSERT INTO "sessions" ("created_at", "session_token", "updated_at", "user_id") VALUES ($1, $2, $3, $4) RETURNING "id"  [["created_at", "2016-10-06 15:02:37.659711"], ["session_token", "r1U3UoEcQjJGQjwQPvFq1Q"], ["updated_at", "2016-10-06 15:02:37.659711"], ["user_id", 2]]
  [1m[36m (0.9ms)[0m  [1mCOMMIT[0m
  Rendered user_mailer/welcome_email.html.erb (0.6ms)

UserMailer#welcome_email: processed outbound mail in 680.9ms

Sent mail to todd2 (72.6ms)
Date: Thu, 06 Oct 2016 15:02:38 +0000
From: everybody@appacademy.io
To: todd2
Message-ID: <57f6678e5ba01_8a156ba95e53944@precise32.mail>
Subject: Welcome to the site!
Mime-Version: 1.0
Content-Type: text/html;
 charset=UTF-8
Content-Transfer-Encoding: 7bit

<!DOCTYPE html>
<html>
  <head>
    <meta charset="utf-8">
    <title>Welcome!</title>
  </head>
  <body>
    <h3>Welcome todd2, so glad to have you on our site!</h3>
  </body>
</html>

Redirected to http://1.2.3.6:3000/cats
Completed 302 Found in 870ms (ActiveRecord: 6.5ms)


Started GET "/cats" for 1.2.3.1 at 2016-10-06 15:02:38 +0000
Processing by CatsController#index as HTML
  [1m[35mCat Load (0.4ms)[0m  SELECT "cats".* FROM "cats"
  Rendered cats/index.html.erb within layouts/application (2.6ms)
  [1m[36mSession Load (0.4ms)[0m  [1mSELECT  "sessions".* FROM "sessions"  WHERE "sessions"."session_token" = 'r1U3UoEcQjJGQjwQPvFq1Q' LIMIT 1[0m
  [1m[35mUser Load (0.1ms)[0m  SELECT  "users".* FROM "users"  WHERE "users"."id" = $1 LIMIT 1  [["id", 2]]
  [1m[36m (0.1ms)[0m  [1mBEGIN[0m
  [1m[35mSQL (0.3ms)[0m  INSERT INTO "sessions" ("created_at", "session_token", "updated_at", "user_id") VALUES ($1, $2, $3, $4) RETURNING "id"  [["created_at", "2016-10-06 15:02:38.932942"], ["session_token", "ajzjM7pTrlZFmghgHRy9fA"], ["updated_at", "2016-10-06 15:02:38.932942"], ["user_id", 2]]
  [1m[36m (1.0ms)[0m  [1mCOMMIT[0m
  Rendered shared/_errors.html.erb (0.2ms)
Completed 200 OK in 453ms (Views: 423.3ms | ActiveRecord: 2.4ms)


Started GET "/assets/cats.css?body=1" for 1.2.3.1 at 2016-10-06 15:02:39 +0000


Started GET "/assets/jquery_ujs.js?body=1" for 1.2.3.1 at 2016-10-06 15:02:39 +0000


Started GET "/assets/turbolinks.js?body=1" for 1.2.3.1 at 2016-10-06 15:02:39 +0000


Started GET "/assets/cat_rental_requests.css?body=1" for 1.2.3.1 at 2016-10-06 15:02:39 +0000


Started GET "/assets/jquery.js?body=1" for 1.2.3.1 at 2016-10-06 15:02:39 +0000


Started GET "/assets/application.css?body=1" for 1.2.3.1 at 2016-10-06 15:02:39 +0000


Started GET "/assets/cat_rental_requests.js?body=1" for 1.2.3.1 at 2016-10-06 15:02:39 +0000


Started GET "/assets/cats.js?body=1" for 1.2.3.1 at 2016-10-06 15:02:39 +0000


Started GET "/assets/application.js?body=1" for 1.2.3.1 at 2016-10-06 15:02:39 +0000


Started DELETE "/session" for 1.2.3.1 at 2016-10-06 15:04:20 +0000
Processing by SessionsController#destroy as HTML
  Parameters: {"authenticity_token"=>"czruHsmafLm6Np27QDMpfG+U6HaPDo23BgZDaEddilA="}
  [1m[35mSession Load (1.8ms)[0m  SELECT  "sessions".* FROM "sessions"  WHERE "sessions"."session_token" = 'r1U3UoEcQjJGQjwQPvFq1Q' LIMIT 1
  [1m[36mUser Load (0.2ms)[0m  [1mSELECT  "users".* FROM "users"  WHERE "users"."id" = $1 LIMIT 1[0m  [["id", 2]]
  [1m[35m (0.1ms)[0m  BEGIN
  [1m[36mSQL (0.3ms)[0m  [1mINSERT INTO "sessions" ("created_at", "session_token", "updated_at", "user_id") VALUES ($1, $2, $3, $4) RETURNING "id"[0m  [["created_at", "2016-10-06 15:04:20.671747"], ["session_token", "hXChdxaJ0Bt3r0QnbJeQAQ"], ["updated_at", "2016-10-06 15:04:20.671747"], ["user_id", 2]]
  [1m[35m (5.3ms)[0m  COMMIT
  [1m[36m (0.1ms)[0m  [1mBEGIN[0m
  [1m[35mSQL (0.3ms)[0m  INSERT INTO "sessions" ("created_at", "session_token", "updated_at", "user_id") VALUES ($1, $2, $3, $4) RETURNING "id"  [["created_at", "2016-10-06 15:04:20.688375"], ["session_token", "1MNUPZ8QJLQDRaige36Sbw"], ["updated_at", "2016-10-06 15:04:20.688375"], ["user_id", 2]]
  [1m[36m (1.0ms)[0m  [1mCOMMIT[0m
  [1m[35m (0.4ms)[0m  BEGIN
  [1m[36mSQL (0.2ms)[0m  [1mDELETE FROM "sessions" WHERE "sessions"."id" = $1[0m  [["id", 5]]
  [1m[35m (0.9ms)[0m  COMMIT
Redirected to http://1.2.3.6:3000/cats
Completed 302 Found in 39ms (ActiveRecord: 10.6ms)


Started GET "/cats" for 1.2.3.1 at 2016-10-06 15:04:20 +0000
Processing by CatsController#index as HTML
  [1m[36mCat Load (0.2ms)[0m  [1mSELECT "cats".* FROM "cats"[0m
  Rendered cats/index.html.erb within layouts/application (1.8ms)
  [1m[35mSession Load (0.3ms)[0m  SELECT  "sessions".* FROM "sessions"  WHERE "sessions"."session_token" IS NULL LIMIT 1
  Rendered shared/_errors.html.erb (0.1ms)
Completed 200 OK in 338ms (Views: 336.7ms | ActiveRecord: 0.5ms)


Started GET "/assets/cats.css?body=1" for 1.2.3.1 at 2016-10-06 15:04:21 +0000


Started GET "/assets/cat_rental_requests.css?body=1" for 1.2.3.1 at 2016-10-06 15:04:21 +0000


Started GET "/assets/turbolinks.js?body=1" for 1.2.3.1 at 2016-10-06 15:04:21 +0000


Started GET "/assets/application.css?body=1" for 1.2.3.1 at 2016-10-06 15:04:21 +0000


Started GET "/assets/jquery.js?body=1" for 1.2.3.1 at 2016-10-06 15:04:21 +0000


Started GET "/assets/jquery_ujs.js?body=1" for 1.2.3.1 at 2016-10-06 15:04:21 +0000


Started GET "/assets/cat_rental_requests.js?body=1" for 1.2.3.1 at 2016-10-06 15:04:21 +0000


Started GET "/assets/cats.js?body=1" for 1.2.3.1 at 2016-10-06 15:04:21 +0000


Started GET "/assets/application.js?body=1" for 1.2.3.1 at 2016-10-06 15:04:22 +0000


Started GET "/users/new" for 1.2.3.1 at 2016-10-06 15:04:25 +0000
Processing by UsersController#new as HTML
  [1m[36mSession Load (0.3ms)[0m  [1mSELECT  "sessions".* FROM "sessions"  WHERE "sessions"."session_token" IS NULL LIMIT 1[0m
  Rendered shared/_token.html.erb (0.1ms)
  Rendered shared/_form.html.erb (23.1ms)
  Rendered users/new.html.erb within layouts/application (47.3ms)
  [1m[35mCACHE (0.0ms)[0m  SELECT  "sessions".* FROM "sessions"  WHERE "sessions"."session_token" IS NULL LIMIT 1
  Rendered shared/_errors.html.erb (0.1ms)
Completed 200 OK in 398ms (Views: 395.4ms | ActiveRecord: 0.4ms)


Started GET "/assets/cats.css?body=1" for 1.2.3.1 at 2016-10-06 15:04:26 +0000


Started GET "/assets/application.css?body=1" for 1.2.3.1 at 2016-10-06 15:04:26 +0000


Started GET "/assets/jquery.js?body=1" for 1.2.3.1 at 2016-10-06 15:04:26 +0000


Started GET "/assets/jquery_ujs.js?body=1" for 1.2.3.1 at 2016-10-06 15:04:26 +0000


Started GET "/assets/turbolinks.js?body=1" for 1.2.3.1 at 2016-10-06 15:04:26 +0000


Started GET "/assets/cat_rental_requests.css?body=1" for 1.2.3.1 at 2016-10-06 15:04:26 +0000


Started GET "/assets/cat_rental_requests.js?body=1" for 1.2.3.1 at 2016-10-06 15:04:26 +0000


Started GET "/assets/cats.js?body=1" for 1.2.3.1 at 2016-10-06 15:04:27 +0000


Started GET "/assets/application.js?body=1" for 1.2.3.1 at 2016-10-06 15:04:27 +0000


Started POST "/users" for 1.2.3.1 at 2016-10-06 15:04:36 +0000
Processing by UsersController#create as HTML
  Parameters: {"authenticity_token"=>"czruHsmafLm6Np27QDMpfG+U6HaPDo23BgZDaEddilA=", "user"=>{"user_name"=>"todd.nestor+crazy@gmail.com", "password"=>"[FILTERED]"}}
  [1m[36m (0.5ms)[0m  [1mBEGIN[0m
  [1m[35m (0.4ms)[0m  ROLLBACK
  [1m[36m (0.4ms)[0m  [1mBEGIN[0m
  [1m[35mUser Exists (0.5ms)[0m  SELECT  1 AS one FROM "users"  WHERE "users"."user_name" = 'todd.nestor+crazy@gmail.com' LIMIT 1
  [1m[36mSQL (0.6ms)[0m  [1mINSERT INTO "users" ("created_at", "password_digest", "updated_at", "user_name") VALUES ($1, $2, $3, $4) RETURNING "id"[0m  [["created_at", "2016-10-06 15:04:37.112231"], ["password_digest", "$2a$10$NMh7MCYid8ecqq0p6B9ys.XHXCp.5TkXjb7uB/IUQab9rjfdny0lK"], ["updated_at", "2016-10-06 15:04:37.112231"], ["user_name", "todd.nestor+crazy@gmail.com"]]
  [1m[35m (12.5ms)[0m  COMMIT
  [1m[36m (0.2ms)[0m  [1mBEGIN[0m
  [1m[35mSQL (0.3ms)[0m  INSERT INTO "sessions" ("created_at", "session_token", "updated_at", "user_id") VALUES ($1, $2, $3, $4) RETURNING "id"  [["created_at", "2016-10-06 15:04:37.132517"], ["session_token", "BB5Ng5dY2n2pGryfEtM4Bw"], ["updated_at", "2016-10-06 15:04:37.132517"], ["user_id", 3]]
  [1m[36m (1.2ms)[0m  [1mCOMMIT[0m
  Rendered user_mailer/welcome_email.html.erb (0.1ms)

UserMailer#welcome_email: processed outbound mail in 318.3ms

Sent mail to todd.nestor+crazy@gmail.com (30.3ms)
Date: Thu, 06 Oct 2016 15:04:37 +0000
From: everybody@appacademy.io
To: todd.nestor+crazy@gmail.com
Message-ID: <57f6680570656_8a125a5683e54015@precise32.mail>
Subject: Welcome to the site!
Mime-Version: 1.0
Content-Type: text/html;
 charset=UTF-8
Content-Transfer-Encoding: 7bit

<!DOCTYPE html>
<html>
  <head>
    <meta charset="utf-8">
    <title>Welcome!</title>
  </head>
  <body>
    <h3>Welcome todd.nestor+crazy@gmail.com, so glad to have you on our site!</h3>
  </body>
</html>

Redirected to http://1.2.3.6:3000/cats
Completed 302 Found in 482ms (ActiveRecord: 16.6ms)


Started GET "/cats" for 1.2.3.1 at 2016-10-06 15:04:37 +0000
Processing by CatsController#index as HTML
  [1m[35mCat Load (0.3ms)[0m  SELECT "cats".* FROM "cats"
  Rendered cats/index.html.erb within layouts/application (2.3ms)
  [1m[36mSession Load (0.4ms)[0m  [1mSELECT  "sessions".* FROM "sessions"  WHERE "sessions"."session_token" = 'BB5Ng5dY2n2pGryfEtM4Bw' LIMIT 1[0m
  [1m[35mUser Load (0.2ms)[0m  SELECT  "users".* FROM "users"  WHERE "users"."id" = $1 LIMIT 1  [["id", 3]]
  [1m[36m (0.1ms)[0m  [1mBEGIN[0m
  [1m[35mSQL (0.2ms)[0m  INSERT INTO "sessions" ("created_at", "session_token", "updated_at", "user_id") VALUES ($1, $2, $3, $4) RETURNING "id"  [["created_at", "2016-10-06 15:04:37.885280"], ["session_token", "7jbbrGZwvkSliBBfhPo_3g"], ["updated_at", "2016-10-06 15:04:37.885280"], ["user_id", 3]]
  [1m[36m (4.5ms)[0m  [1mCOMMIT[0m
  Rendered shared/_errors.html.erb (0.1ms)
Completed 200 OK in 351ms (Views: 345.3ms | ActiveRecord: 5.7ms)


Started GET "/assets/turbolinks.js?body=1" for 1.2.3.1 at 2016-10-06 15:04:37 +0000


Started GET "/assets/jquery_ujs.js?body=1" for 1.2.3.1 at 2016-10-06 15:04:38 +0000


Started GET "/assets/jquery.js?body=1" for 1.2.3.1 at 2016-10-06 15:04:38 +0000


Started GET "/assets/cats.css?body=1" for 1.2.3.1 at 2016-10-06 15:04:38 +0000


Started GET "/assets/application.css?body=1" for 1.2.3.1 at 2016-10-06 15:04:38 +0000


Started GET "/assets/cat_rental_requests.css?body=1" for 1.2.3.1 at 2016-10-06 15:04:38 +0000


Started GET "/assets/cat_rental_requests.js?body=1" for 1.2.3.1 at 2016-10-06 15:04:38 +0000


Started GET "/assets/cats.js?body=1" for 1.2.3.1 at 2016-10-06 15:04:38 +0000


Started GET "/assets/application.js?body=1" for 1.2.3.1 at 2016-10-06 15:04:38 +0000


Started DELETE "/session" for 1.2.3.1 at 2016-10-06 15:41:05 +0000
Processing by SessionsController#destroy as HTML
  Parameters: {"authenticity_token"=>"czruHsmafLm6Np27QDMpfG+U6HaPDo23BgZDaEddilA="}
  [1m[35mSession Load (0.7ms)[0m  SELECT  "sessions".* FROM "sessions"  WHERE "sessions"."session_token" = 'BB5Ng5dY2n2pGryfEtM4Bw' LIMIT 1
  [1m[36mUser Load (0.5ms)[0m  [1mSELECT  "users".* FROM "users"  WHERE "users"."id" = $1 LIMIT 1[0m  [["id", 3]]
  [1m[35m (0.3ms)[0m  BEGIN
  [1m[36mSQL (0.4ms)[0m  [1mINSERT INTO "sessions" ("created_at", "session_token", "updated_at", "user_id") VALUES ($1, $2, $3, $4) RETURNING "id"[0m  [["created_at", "2016-10-06 15:41:05.248621"], ["session_token", "bpZENUsD1ST_amjVxO5BwA"], ["updated_at", "2016-10-06 15:41:05.248621"], ["user_id", 3]]
  [1m[35m (1.0ms)[0m  COMMIT
  [1m[36m (10.1ms)[0m  [1mBEGIN[0m
  [1m[35mSQL (0.5ms)[0m  INSERT INTO "sessions" ("created_at", "session_token", "updated_at", "user_id") VALUES ($1, $2, $3, $4) RETURNING "id"  [["created_at", "2016-10-06 15:41:05.266423"], ["session_token", "BsfjIM5yqqwAt3tI2YlDzg"], ["updated_at", "2016-10-06 15:41:05.266423"], ["user_id", 3]]
  [1m[36m (1.8ms)[0m  [1mCOMMIT[0m
  [1m[35m (4.4ms)[0m  BEGIN
  [1m[36mSQL (0.6ms)[0m  [1mDELETE FROM "sessions" WHERE "sessions"."id" = $1[0m  [["id", 9]]
  [1m[35m (2.5ms)[0m  COMMIT
Redirected to http://1.2.3.6:3000/cats
Completed 302 Found in 58ms (ActiveRecord: 23.0ms)


Started GET "/cats" for 1.2.3.1 at 2016-10-06 15:41:05 +0000
Processing by CatsController#index as HTML
  [1m[36mCat Load (0.2ms)[0m  [1mSELECT "cats".* FROM "cats"[0m
  Rendered cats/index.html.erb within layouts/application (1.7ms)
  [1m[35mSession Load (1.0ms)[0m  SELECT  "sessions".* FROM "sessions"  WHERE "sessions"."session_token" IS NULL LIMIT 1
  Rendered shared/_errors.html.erb (0.2ms)
Completed 200 OK in 366ms (Views: 364.2ms | ActiveRecord: 1.3ms)


Started GET "/assets/cats.css?body=1" for 1.2.3.1 at 2016-10-06 15:41:05 +0000


Started GET "/assets/cat_rental_requests.css?body=1" for 1.2.3.1 at 2016-10-06 15:41:05 +0000


Started GET "/assets/application.css?body=1" for 1.2.3.1 at 2016-10-06 15:41:06 +0000


Started GET "/assets/turbolinks.js?body=1" for 1.2.3.1 at 2016-10-06 15:41:06 +0000


Started GET "/assets/jquery.js?body=1" for 1.2.3.1 at 2016-10-06 15:41:06 +0000


Started GET "/assets/jquery_ujs.js?body=1" for 1.2.3.1 at 2016-10-06 15:41:06 +0000


Started GET "/assets/cat_rental_requests.js?body=1" for 1.2.3.1 at 2016-10-06 15:41:06 +0000


Started GET "/assets/cats.js?body=1" for 1.2.3.1 at 2016-10-06 15:41:06 +0000


Started GET "/assets/application.js?body=1" for 1.2.3.1 at 2016-10-06 15:41:06 +0000


Started GET "/users/new" for 1.2.3.1 at 2016-10-06 15:41:09 +0000
Processing by UsersController#new as HTML
  [1m[36mSession Load (0.3ms)[0m  [1mSELECT  "sessions".* FROM "sessions"  WHERE "sessions"."session_token" IS NULL LIMIT 1[0m
  Rendered shared/_token.html.erb (0.1ms)
  Rendered shared/_form.html.erb (25.1ms)
  Rendered users/new.html.erb within layouts/application (62.9ms)
  [1m[35mCACHE (0.0ms)[0m  SELECT  "sessions".* FROM "sessions"  WHERE "sessions"."session_token" IS NULL LIMIT 1
  Rendered shared/_errors.html.erb (0.1ms)
Completed 200 OK in 441ms (Views: 439.1ms | ActiveRecord: 0.3ms)


Started GET "/assets/cats.css?body=1" for 1.2.3.1 at 2016-10-06 15:41:10 +0000


Started GET "/assets/application.css?body=1" for 1.2.3.1 at 2016-10-06 15:41:10 +0000


Started GET "/assets/jquery.js?body=1" for 1.2.3.1 at 2016-10-06 15:41:10 +0000


Started GET "/assets/turbolinks.js?body=1" for 1.2.3.1 at 2016-10-06 15:41:10 +0000


Started GET "/assets/jquery_ujs.js?body=1" for 1.2.3.1 at 2016-10-06 15:41:10 +0000


Started GET "/assets/cat_rental_requests.css?body=1" for 1.2.3.1 at 2016-10-06 15:41:10 +0000


Started GET "/assets/cat_rental_requests.js?body=1" for 1.2.3.1 at 2016-10-06 15:41:11 +0000


Started GET "/assets/cats.js?body=1" for 1.2.3.1 at 2016-10-06 15:41:11 +0000


Started GET "/assets/application.js?body=1" for 1.2.3.1 at 2016-10-06 15:41:11 +0000


Started POST "/users" for 1.2.3.1 at 2016-10-06 15:41:20 +0000
Processing by UsersController#create as HTML
  Parameters: {"authenticity_token"=>"czruHsmafLm6Np27QDMpfG+U6HaPDo23BgZDaEddilA=", "user"=>{"user_name"=>"todd.nestor+anything@gmail.com", "password"=>"[FILTERED]"}}
  [1m[36m (0.3ms)[0m  [1mBEGIN[0m
  [1m[35m (0.4ms)[0m  ROLLBACK
  [1m[36m (0.5ms)[0m  [1mBEGIN[0m
  [1m[35mUser Exists (0.5ms)[0m  SELECT  1 AS one FROM "users"  WHERE "users"."user_name" = 'todd.nestor+anything@gmail.com' LIMIT 1
  [1m[36mSQL (1.6ms)[0m  [1mINSERT INTO "users" ("created_at", "password_digest", "updated_at", "user_name") VALUES ($1, $2, $3, $4) RETURNING "id"[0m  [["created_at", "2016-10-06 15:41:20.574651"], ["password_digest", "$2a$10$1j92E1goOrOt6aGgICMnLuP69jhbnA0ytGFc3hMfe7rrWGKl1GgQ."], ["updated_at", "2016-10-06 15:41:20.574651"], ["user_name", "todd.nestor+anything@gmail.com"]]
  [1m[35m (5.8ms)[0m  COMMIT
  [1m[36m (0.1ms)[0m  [1mBEGIN[0m
  [1m[35mSQL (2.8ms)[0m  INSERT INTO "sessions" ("created_at", "session_token", "updated_at", "user_id") VALUES ($1, $2, $3, $4) RETURNING "id"  [["created_at", "2016-10-06 15:41:20.588918"], ["session_token", "qLvZRNvoig2K0nL8JG5kvQ"], ["updated_at", "2016-10-06 15:41:20.588918"], ["user_id", 4]]
  [1m[36m (1.3ms)[0m  [1mCOMMIT[0m
  Rendered user_mailer/welcome_email.html.erb (0.1ms)

UserMailer#welcome_email: processed outbound mail in 298.4ms

Sent mail to todd.nestor+anything@gmail.com (31.9ms)
Date: Thu, 06 Oct 2016 15:41:20 +0000
From: everybody@appacademy.io
To: todd.nestor+anything@gmail.com
Message-ID: <57f670a0db8e0_8a15790df65419a@precise32.mail>
Subject: Welcome to the site!
Mime-Version: 1.0
Content-Type: text/html;
 charset=UTF-8
Content-Transfer-Encoding: 7bit

<!DOCTYPE html>
<html>
  <head>
    <meta charset="utf-8">
    <title>Welcome!</title>
  </head>
  <body>
    <h3>Welcome todd.nestor+anything@gmail.com, so glad to have you on our site!</h3>
  </body>
</html>

Redirected to http://1.2.3.6:3000/cats
Completed 302 Found in 467ms (ActiveRecord: 13.3ms)


Started GET "/cats" for 1.2.3.1 at 2016-10-06 15:41:20 +0000
Processing by CatsController#index as HTML
  [1m[35mCat Load (0.3ms)[0m  SELECT "cats".* FROM "cats"
  Rendered cats/index.html.erb within layouts/application (1.9ms)
  [1m[36mSession Load (0.4ms)[0m  [1mSELECT  "sessions".* FROM "sessions"  WHERE "sessions"."session_token" = 'qLvZRNvoig2K0nL8JG5kvQ' LIMIT 1[0m
  [1m[35mUser Load (0.2ms)[0m  SELECT  "users".* FROM "users"  WHERE "users"."id" = $1 LIMIT 1  [["id", 4]]
  [1m[36m (0.1ms)[0m  [1mBEGIN[0m
  [1m[35mSQL (0.2ms)[0m  INSERT INTO "sessions" ("created_at", "session_token", "updated_at", "user_id") VALUES ($1, $2, $3, $4) RETURNING "id"  [["created_at", "2016-10-06 15:41:21.333441"], ["session_token", "TTSE3pUYaIM5Pnfl9vHiSQ"], ["updated_at", "2016-10-06 15:41:21.333441"], ["user_id", 4]]
  [1m[36m (4.7ms)[0m  [1mCOMMIT[0m
  Rendered shared/_errors.html.erb (0.2ms)
Completed 200 OK in 351ms (Views: 343.2ms | ActiveRecord: 5.9ms)


Started GET "/assets/application.css?body=1" for 1.2.3.1 at 2016-10-06 15:41:21 +0000


Started GET "/assets/jquery.js?body=1" for 1.2.3.1 at 2016-10-06 15:41:21 +0000


Started GET "/assets/jquery_ujs.js?body=1" for 1.2.3.1 at 2016-10-06 15:41:21 +0000


Started GET "/assets/turbolinks.js?body=1" for 1.2.3.1 at 2016-10-06 15:41:21 +0000


Started GET "/assets/cats.css?body=1" for 1.2.3.1 at 2016-10-06 15:41:21 +0000


Started GET "/assets/cat_rental_requests.css?body=1" for 1.2.3.1 at 2016-10-06 15:41:21 +0000


Started GET "/assets/cat_rental_requests.js?body=1" for 1.2.3.1 at 2016-10-06 15:41:22 +0000


Started GET "/assets/cats.js?body=1" for 1.2.3.1 at 2016-10-06 15:41:22 +0000


Started GET "/assets/application.js?body=1" for 1.2.3.1 at 2016-10-06 15:41:22 +0000


Started DELETE "/session" for 1.2.3.1 at 2016-10-06 15:42:12 +0000
Processing by SessionsController#destroy as HTML
  Parameters: {"authenticity_token"=>"czruHsmafLm6Np27QDMpfG+U6HaPDo23BgZDaEddilA="}
  [1m[35mSession Load (0.5ms)[0m  SELECT  "sessions".* FROM "sessions"  WHERE "sessions"."session_token" = 'qLvZRNvoig2K0nL8JG5kvQ' LIMIT 1
  [1m[36mUser Load (0.2ms)[0m  [1mSELECT  "users".* FROM "users"  WHERE "users"."id" = $1 LIMIT 1[0m  [["id", 4]]
  [1m[35m (0.4ms)[0m  BEGIN
  [1m[36mSQL (1.2ms)[0m  [1mINSERT INTO "sessions" ("created_at", "session_token", "updated_at", "user_id") VALUES ($1, $2, $3, $4) RETURNING "id"[0m  [["created_at", "2016-10-06 15:42:12.442311"], ["session_token", "prZxSy7hLiqcQcKmyvKsEw"], ["updated_at", "2016-10-06 15:42:12.442311"], ["user_id", 4]]
  [1m[35m (1.4ms)[0m  COMMIT
  [1m[36m (4.9ms)[0m  [1mBEGIN[0m
  [1m[35mSQL (0.4ms)[0m  INSERT INTO "sessions" ("created_at", "session_token", "updated_at", "user_id") VALUES ($1, $2, $3, $4) RETURNING "id"  [["created_at", "2016-10-06 15:42:12.462938"], ["session_token", "ADkxS_MXu2pzWSKImsIuQw"], ["updated_at", "2016-10-06 15:42:12.462938"], ["user_id", 4]]
  [1m[36m (1.4ms)[0m  [1mCOMMIT[0m
  [1m[35m (0.4ms)[0m  BEGIN
  [1m[36mSQL (0.4ms)[0m  [1mDELETE FROM "sessions" WHERE "sessions"."id" = $1[0m  [["id", 13]]
  [1m[35m (1.8ms)[0m  COMMIT
Redirected to http://1.2.3.6:3000/cats
Completed 302 Found in 52ms (ActiveRecord: 13.1ms)


Started GET "/cats" for 1.2.3.1 at 2016-10-06 15:42:12 +0000
Processing by CatsController#index as HTML
  [1m[36mCat Load (0.2ms)[0m  [1mSELECT "cats".* FROM "cats"[0m
  Rendered cats/index.html.erb within layouts/application (1.5ms)
  [1m[35mSession Load (0.5ms)[0m  SELECT  "sessions".* FROM "sessions"  WHERE "sessions"."session_token" IS NULL LIMIT 1
  Rendered shared/_errors.html.erb (0.1ms)
Completed 200 OK in 379ms (Views: 377.7ms | ActiveRecord: 0.7ms)


Started GET "/assets/cat_rental_requests.css?body=1" for 1.2.3.1 at 2016-10-06 15:42:13 +0000


Started GET "/assets/cats.css?body=1" for 1.2.3.1 at 2016-10-06 15:42:13 +0000


Started GET "/assets/application.css?body=1" for 1.2.3.1 at 2016-10-06 15:42:13 +0000


Started GET "/assets/jquery.js?body=1" for 1.2.3.1 at 2016-10-06 15:42:13 +0000


Started GET "/assets/jquery_ujs.js?body=1" for 1.2.3.1 at 2016-10-06 15:42:13 +0000


Started GET "/assets/turbolinks.js?body=1" for 1.2.3.1 at 2016-10-06 15:42:13 +0000


Started GET "/assets/cat_rental_requests.js?body=1" for 1.2.3.1 at 2016-10-06 15:42:13 +0000


Started GET "/assets/cats.js?body=1" for 1.2.3.1 at 2016-10-06 15:42:13 +0000


Started GET "/assets/application.js?body=1" for 1.2.3.1 at 2016-10-06 15:42:13 +0000


Started GET "/users/new" for 1.2.3.1 at 2016-10-06 15:42:16 +0000
Processing by UsersController#new as HTML
  [1m[36mSession Load (0.4ms)[0m  [1mSELECT  "sessions".* FROM "sessions"  WHERE "sessions"."session_token" IS NULL LIMIT 1[0m
  Rendered shared/_token.html.erb (0.1ms)
  Rendered shared/_form.html.erb (27.5ms)
  Rendered users/new.html.erb within layouts/application (51.3ms)
  [1m[35mCACHE (0.0ms)[0m  SELECT  "sessions".* FROM "sessions"  WHERE "sessions"."session_token" IS NULL LIMIT 1
  Rendered shared/_errors.html.erb (0.1ms)
Completed 200 OK in 426ms (Views: 423.3ms | ActiveRecord: 0.4ms)


Started GET "/assets/cats.css?body=1" for 1.2.3.1 at 2016-10-06 15:42:17 +0000


Started GET "/assets/application.css?body=1" for 1.2.3.1 at 2016-10-06 15:42:17 +0000


Started GET "/assets/cat_rental_requests.css?body=1" for 1.2.3.1 at 2016-10-06 15:42:17 +0000


Started GET "/assets/jquery.js?body=1" for 1.2.3.1 at 2016-10-06 15:42:17 +0000


Started GET "/assets/turbolinks.js?body=1" for 1.2.3.1 at 2016-10-06 15:42:17 +0000


Started GET "/assets/jquery_ujs.js?body=1" for 1.2.3.1 at 2016-10-06 15:42:18 +0000


Started GET "/assets/cat_rental_requests.js?body=1" for 1.2.3.1 at 2016-10-06 15:42:18 +0000


Started GET "/assets/cats.js?body=1" for 1.2.3.1 at 2016-10-06 15:42:18 +0000


Started GET "/assets/application.js?body=1" for 1.2.3.1 at 2016-10-06 15:42:18 +0000


Started POST "/users" for 1.2.3.1 at 2016-10-06 15:42:27 +0000
Processing by UsersController#create as HTML
  Parameters: {"authenticity_token"=>"czruHsmafLm6Np27QDMpfG+U6HaPDo23BgZDaEddilA=", "user"=>{"user_name"=>"todd.nestor+fjfjf@gmail.com", "password"=>"[FILTERED]"}}
  [1m[36m (0.3ms)[0m  [1mBEGIN[0m
  [1m[35m (0.1ms)[0m  ROLLBACK
  [1m[36m (0.2ms)[0m  [1mBEGIN[0m
  [1m[35mUser Exists (0.4ms)[0m  SELECT  1 AS one FROM "users"  WHERE "users"."user_name" = 'todd.nestor+fjfjf@gmail.com' LIMIT 1
  [1m[36mSQL (0.2ms)[0m  [1mINSERT INTO "users" ("created_at", "password_digest", "updated_at", "user_name") VALUES ($1, $2, $3, $4) RETURNING "id"[0m  [["created_at", "2016-10-06 15:42:27.351512"], ["password_digest", "$2a$10$4PTxb9UeUeoXz0z2wx81pulx.83xxAOA6XMf3dyJCDBj11BDtBlKy"], ["updated_at", "2016-10-06 15:42:27.351512"], ["user_name", "todd.nestor+fjfjf@gmail.com"]]
  [1m[35m (4.8ms)[0m  COMMIT
  [1m[36m (0.2ms)[0m  [1mBEGIN[0m
  [1m[35mSQL (0.9ms)[0m  INSERT INTO "sessions" ("created_at", "session_token", "updated_at", "user_id") VALUES ($1, $2, $3, $4) RETURNING "id"  [["created_at", "2016-10-06 15:42:27.368310"], ["session_token", "AqEgmLpO8ezgJfHcQfv3_w"], ["updated_at", "2016-10-06 15:42:27.368310"], ["user_id", 5]]
  [1m[36m (0.8ms)[0m  [1mCOMMIT[0m
  Rendered user_mailer/welcome_email.html.erb (0.1ms)

UserMailer#welcome_email: processed outbound mail in 296.8ms

Sent mail to todd.nestor+fjfjf@gmail.com (29.6ms)
Date: Thu, 06 Oct 2016 15:42:27 +0000
From: everybody@appacademy.io
To: todd.nestor+fjfjf@gmail.com
Message-ID: <57f670e3a58c3_8a1259fc4885426a@precise32.mail>
Subject: Welcome to the site!
Mime-Version: 1.0
Content-Type: text/html;
 charset=UTF-8
Content-Transfer-Encoding: 7bit

<!DOCTYPE html>
<html>
  <head>
    <meta charset="utf-8">
    <title>Welcome!</title>
  </head>
  <body>
    <h3>Welcome todd.nestor+fjfjf@gmail.com, so glad to have you on our site!</h3>
  </body>
</html>

Redirected to http://1.2.3.6:3000/cats
Completed 302 Found in 445ms (ActiveRecord: 7.9ms)


Started GET "/cats" for 1.2.3.1 at 2016-10-06 15:42:27 +0000
Processing by CatsController#index as HTML
  [1m[35mCat Load (0.3ms)[0m  SELECT "cats".* FROM "cats"
  Rendered cats/index.html.erb within layouts/application (1.7ms)
  [1m[36mSession Load (0.3ms)[0m  [1mSELECT  "sessions".* FROM "sessions"  WHERE "sessions"."session_token" = 'AqEgmLpO8ezgJfHcQfv3_w' LIMIT 1[0m
  [1m[35mUser Load (0.2ms)[0m  SELECT  "users".* FROM "users"  WHERE "users"."id" = $1 LIMIT 1  [["id", 5]]
  [1m[36m (0.2ms)[0m  [1mBEGIN[0m
  [1m[35mSQL (0.2ms)[0m  INSERT INTO "sessions" ("created_at", "session_token", "updated_at", "user_id") VALUES ($1, $2, $3, $4) RETURNING "id"  [["created_at", "2016-10-06 15:42:28.110139"], ["session_token", "7u0pPLdQVaKdlAhktaCtdA"], ["updated_at", "2016-10-06 15:42:28.110139"], ["user_id", 5]]
  [1m[36m (4.6ms)[0m  [1mCOMMIT[0m
  Rendered shared/_errors.html.erb (0.1ms)
Completed 200 OK in 353ms (Views: 346.0ms | ActiveRecord: 5.8ms)


Started GET "/assets/cats.css?body=1" for 1.2.3.1 at 2016-10-06 15:42:28 +0000


Started GET "/assets/application.css?body=1" for 1.2.3.1 at 2016-10-06 15:42:28 +0000


Started GET "/assets/cat_rental_requests.css?body=1" for 1.2.3.1 at 2016-10-06 15:42:28 +0000


Started GET "/assets/jquery.js?body=1" for 1.2.3.1 at 2016-10-06 15:42:28 +0000


Started GET "/assets/jquery_ujs.js?body=1" for 1.2.3.1 at 2016-10-06 15:42:28 +0000


Started GET "/assets/turbolinks.js?body=1" for 1.2.3.1 at 2016-10-06 15:42:28 +0000


Started GET "/assets/cat_rental_requests.js?body=1" for 1.2.3.1 at 2016-10-06 15:42:28 +0000


Started GET "/assets/cats.js?body=1" for 1.2.3.1 at 2016-10-06 15:42:28 +0000


Started GET "/assets/application.js?body=1" for 1.2.3.1 at 2016-10-06 15:42:29 +0000
